Use of uninitialized value within @ctgNG in concatenation (.) or string at /vf/users/nhansen/vgp_pipeline/github/genomeark-update/scripts/GenomeArkAssembly.pm line 319.
Use of uninitialized value within @ctgLG in concatenation (.) or string at /vf/users/nhansen/vgp_pipeline/github/genomeark-update/scripts/GenomeArkAssembly.pm line 320.
Use of uninitialized value in concatenation (.) or string at /vf/users/nhansen/vgp_pipeline/github/genomeark-update/scripts/GenomeArkAssembly.pm line 320.
Use of uninitialized value within @scfLG in concatenation (.) or string at /vf/users/nhansen/vgp_pipeline/github/genomeark-update/scripts/GenomeArkAssembly.pm line 321.
Use of uninitialized value in concatenation (.) or string at /vf/users/nhansen/vgp_pipeline/github/genomeark-update/scripts/GenomeArkAssembly.pm line 321.
Use of uninitialized value within @ctgNG in concatenation (.) or string at /vf/users/nhansen/vgp_pipeline/github/genomeark-update/scripts/GenomeArkAssembly.pm line 319.
Use of uninitialized value within @ctgLG in concatenation (.) or string at /vf/users/nhansen/vgp_pipeline/github/genomeark-update/scripts/GenomeArkAssembly.pm line 320.
Use of uninitialized value in concatenation (.) or string at /vf/users/nhansen/vgp_pipeline/github/genomeark-update/scripts/GenomeArkAssembly.pm line 320.
Use of uninitialized value within @scfLG in concatenation (.) or string at /vf/users/nhansen/vgp_pipeline/github/genomeark-update/scripts/GenomeArkAssembly.pm line 321.
Use of uninitialized value in concatenation (.) or string at /vf/users/nhansen/vgp_pipeline/github/genomeark-update/scripts/GenomeArkAssembly.pm line 321.
Use of uninitialized value within @ctgNG in concatenation (.) or string at /vf/users/nhansen/vgp_pipeline/github/genomeark-update/scripts/GenomeArkAssembly.pm line 319.
Use of uninitialized value within @ctgLG in concatenation (.) or string at /vf/users/nhansen/vgp_pipeline/github/genomeark-update/scripts/GenomeArkAssembly.pm line 320.
Use of uninitialized value in concatenation (.) or string at /vf/users/nhansen/vgp_pipeline/github/genomeark-update/scripts/GenomeArkAssembly.pm line 320.
Use of uninitialized value within @scfLG in concatenation (.) or string at /vf/users/nhansen/vgp_pipeline/github/genomeark-update/scripts/GenomeArkAssembly.pm line 321.
Use of uninitialized value in concatenation (.) or string at /vf/users/nhansen/vgp_pipeline/github/genomeark-update/scripts/GenomeArkAssembly.pm line 321.
Use of uninitialized value within @ctgNG in concatenation (.) or string at /vf/users/nhansen/vgp_pipeline/github/genomeark-update/scripts/GenomeArkAssembly.pm line 319.
Use of uninitialized value within @ctgLG in concatenation (.) or string at /vf/users/nhansen/vgp_pipeline/github/genomeark-update/scripts/GenomeArkAssembly.pm line 320.
Use of uninitialized value in concatenation (.) or string at /vf/users/nhansen/vgp_pipeline/github/genomeark-update/scripts/GenomeArkAssembly.pm line 320.
Use of uninitialized value within @scfLG in concatenation (.) or string at /vf/users/nhansen/vgp_pipeline/github/genomeark-update/scripts/GenomeArkAssembly.pm line 321.
Use of uninitialized value in concatenation (.) or string at /vf/users/nhansen/vgp_pipeline/github/genomeark-update/scripts/GenomeArkAssembly.pm line 321.
Use of uninitialized value within @ctgNG in concatenation (.) or string at /vf/users/nhansen/vgp_pipeline/github/genomeark-update/scripts/GenomeArkAssembly.pm line 319.
Use of uninitialized value within @ctgLG in concatenation (.) or string at /vf/users/nhansen/vgp_pipeline/github/genomeark-update/scripts/GenomeArkAssembly.pm line 320.
Use of uninitialized value in concatenation (.) or string at /vf/users/nhansen/vgp_pipeline/github/genomeark-update/scripts/GenomeArkAssembly.pm line 320.
Use of uninitialized value within @scfLG in concatenation (.) or string at /vf/users/nhansen/vgp_pipeline/github/genomeark-update/scripts/GenomeArkAssembly.pm line 321.
Use of uninitialized value in concatenation (.) or string at /vf/users/nhansen/vgp_pipeline/github/genomeark-update/scripts/GenomeArkAssembly.pm line 321.
Use of uninitialized value within @ctgNG in concatenation (.) or string at /vf/users/nhansen/vgp_pipeline/github/genomeark-update/scripts/GenomeArkAssembly.pm line 319.
Use of uninitialized value within @ctgLG in concatenation (.) or string at /vf/users/nhansen/vgp_pipeline/github/genomeark-update/scripts/GenomeArkAssembly.pm line 320.
Use of uninitialized value in concatenation (.) or string at /vf/users/nhansen/vgp_pipeline/github/genomeark-update/scripts/GenomeArkAssembly.pm line 320.
Use of uninitialized value within @scfLG in concatenation (.) or string at /vf/users/nhansen/vgp_pipeline/github/genomeark-update/scripts/GenomeArkAssembly.pm line 321.
Use of uninitialized value in concatenation (.) or string at /vf/users/nhansen/vgp_pipeline/github/genomeark-update/scripts/GenomeArkAssembly.pm line 321.
Use of uninitialized value within @ctgNG in concatenation (.) or string at /vf/users/nhansen/vgp_pipeline/github/genomeark-update/scripts/GenomeArkAssembly.pm line 319.
Use of uninitialized value within @ctgLG in concatenation (.) or string at /vf/users/nhansen/vgp_pipeline/github/genomeark-update/scripts/GenomeArkAssembly.pm line 320.
Use of uninitialized value in concatenation (.) or string at /vf/users/nhansen/vgp_pipeline/github/genomeark-update/scripts/GenomeArkAssembly.pm line 320.
Use of uninitialized value within @scfLG in concatenation (.) or string at /vf/users/nhansen/vgp_pipeline/github/genomeark-update/scripts/GenomeArkAssembly.pm line 321.
Use of uninitialized value in concatenation (.) or string at /vf/users/nhansen/vgp_pipeline/github/genomeark-update/scripts/GenomeArkAssembly.pm line 321.
Use of uninitialized value within @ctgNG in concatenation (.) or string at /vf/users/nhansen/vgp_pipeline/github/genomeark-update/scripts/GenomeArkAssembly.pm line 319.
Use of uninitialized value within @ctgLG in concatenation (.) or string at /vf/users/nhansen/vgp_pipeline/github/genomeark-update/scripts/GenomeArkAssembly.pm line 320.
Use of uninitialized value in concatenation (.) or string at /vf/users/nhansen/vgp_pipeline/github/genomeark-update/scripts/GenomeArkAssembly.pm line 320.
Use of uninitialized value within @scfLG in concatenation (.) or string at /vf/users/nhansen/vgp_pipeline/github/genomeark-update/scripts/GenomeArkAssembly.pm line 321.
Use of uninitialized value in concatenation (.) or string at /vf/users/nhansen/vgp_pipeline/github/genomeark-update/scripts/GenomeArkAssembly.pm line 321.
Use of uninitialized value within @ctgNG in concatenation (.) or string at /vf/users/nhansen/vgp_pipeline/github/genomeark-update/scripts/GenomeArkAssembly.pm line 319.
Use of uninitialized value within @ctgLG in concatenation (.) or string at /vf/users/nhansen/vgp_pipeline/github/genomeark-update/scripts/GenomeArkAssembly.pm line 320.
Use of uninitialized value in concatenation (.) or string at /vf/users/nhansen/vgp_pipeline/github/genomeark-update/scripts/GenomeArkAssembly.pm line 320.
Use of uninitialized value within @scfLG in concatenation (.) or string at /vf/users/nhansen/vgp_pipeline/github/genomeark-update/scripts/GenomeArkAssembly.pm line 321.
Use of uninitialized value in concatenation (.) or string at /vf/users/nhansen/vgp_pipeline/github/genomeark-update/scripts/GenomeArkAssembly.pm line 321.
Use of uninitialized value $ctgNG[10] in concatenation (.) or string at /vf/users/nhansen/vgp_pipeline/github/genomeark-update/scripts/GenomeArkAssembly.pm line 330.
Use of uninitialized value $ctgLG[10] in concatenation (.) or string at /vf/users/nhansen/vgp_pipeline/github/genomeark-update/scripts/GenomeArkAssembly.pm line 331.
Use of uninitialized value in concatenation (.) or string at /vf/users/nhansen/vgp_pipeline/github/genomeark-update/scripts/GenomeArkAssembly.pm line 331.
Use of uninitialized value $scfLG[10] in concatenation (.) or string at /vf/users/nhansen/vgp_pipeline/github/genomeark-update/scripts/GenomeArkAssembly.pm line 332.
Use of uninitialized value in concatenation (.) or string at /vf/users/nhansen/vgp_pipeline/github/genomeark-update/scripts/GenomeArkAssembly.pm line 332.
Use of uninitialized value within @ctgNG in concatenation (.) or string at /vf/users/nhansen/vgp_pipeline/github/genomeark-update/scripts/GenomeArkAssembly.pm line 319.
Use of uninitialized value within @ctgLG in concatenation (.) or string at /vf/users/nhansen/vgp_pipeline/github/genomeark-update/scripts/GenomeArkAssembly.pm line 320.
Use of uninitialized value in concatenation (.) or string at /vf/users/nhansen/vgp_pipeline/github/genomeark-update/scripts/GenomeArkAssembly.pm line 320.
Use of uninitialized value within @scfLG in concatenation (.) or string at /vf/users/nhansen/vgp_pipeline/github/genomeark-update/scripts/GenomeArkAssembly.pm line 321.
Use of uninitialized value in concatenation (.) or string at /vf/users/nhansen/vgp_pipeline/github/genomeark-update/scripts/GenomeArkAssembly.pm line 321.
Use of uninitialized value within @ctgNG in concatenation (.) or string at /vf/users/nhansen/vgp_pipeline/github/genomeark-update/scripts/GenomeArkAssembly.pm line 319.
Use of uninitialized value within @ctgLG in concatenation (.) or string at /vf/users/nhansen/vgp_pipeline/github/genomeark-update/scripts/GenomeArkAssembly.pm line 320.
Use of uninitialized value in concatenation (.) or string at /vf/users/nhansen/vgp_pipeline/github/genomeark-update/scripts/GenomeArkAssembly.pm line 320.
Use of uninitialized value within @scfLG in concatenation (.) or string at /vf/users/nhansen/vgp_pipeline/github/genomeark-update/scripts/GenomeArkAssembly.pm line 321.
Use of uninitialized value in concatenation (.) or string at /vf/users/nhansen/vgp_pipeline/github/genomeark-update/scripts/GenomeArkAssembly.pm line 321.
Use of uninitialized value within @ctgNG in concatenation (.) or string at /vf/users/nhansen/vgp_pipeline/github/genomeark-update/scripts/GenomeArkAssembly.pm line 319.
Use of uninitialized value within @ctgLG in concatenation (.) or string at /vf/users/nhansen/vgp_pipeline/github/genomeark-update/scripts/GenomeArkAssembly.pm line 320.
Use of uninitialized value in concatenation (.) or string at /vf/users/nhansen/vgp_pipeline/github/genomeark-update/scripts/GenomeArkAssembly.pm line 320.
Use of uninitialized value within @scfLG in concatenation (.) or string at /vf/users/nhansen/vgp_pipeline/github/genomeark-update/scripts/GenomeArkAssembly.pm line 321.
Use of uninitialized value in concatenation (.) or string at /vf/users/nhansen/vgp_pipeline/github/genomeark-update/scripts/GenomeArkAssembly.pm line 321.
Use of uninitialized value within @ctgNG in concatenation (.) or string at /vf/users/nhansen/vgp_pipeline/github/genomeark-update/scripts/GenomeArkAssembly.pm line 319.
Use of uninitialized value within @ctgLG in concatenation (.) or string at /vf/users/nhansen/vgp_pipeline/github/genomeark-update/scripts/GenomeArkAssembly.pm line 320.
Use of uninitialized value in concatenation (.) or string at /vf/users/nhansen/vgp_pipeline/github/genomeark-update/scripts/GenomeArkAssembly.pm line 320.
Use of uninitialized value within @scfLG in concatenation (.) or string at /vf/users/nhansen/vgp_pipeline/github/genomeark-update/scripts/GenomeArkAssembly.pm line 321.
Use of uninitialized value in concatenation (.) or string at /vf/users/nhansen/vgp_pipeline/github/genomeark-update/scripts/GenomeArkAssembly.pm line 321.
Use of uninitialized value within @ctgNG in concatenation (.) or string at /vf/users/nhansen/vgp_pipeline/github/genomeark-update/scripts/GenomeArkAssembly.pm line 319.
Use of uninitialized value within @ctgLG in concatenation (.) or string at /vf/users/nhansen/vgp_pipeline/github/genomeark-update/scripts/GenomeArkAssembly.pm line 320.
Use of uninitialized value in concatenation (.) or string at /vf/users/nhansen/vgp_pipeline/github/genomeark-update/scripts/GenomeArkAssembly.pm line 320.
Use of uninitialized value within @scfLG in concatenation (.) or string at /vf/users/nhansen/vgp_pipeline/github/genomeark-update/scripts/GenomeArkAssembly.pm line 321.
Use of uninitialized value in concatenation (.) or string at /vf/users/nhansen/vgp_pipeline/github/genomeark-update/scripts/GenomeArkAssembly.pm line 321.
Use of uninitialized value within @ctgNG in concatenation (.) or string at /vf/users/nhansen/vgp_pipeline/github/genomeark-update/scripts/GenomeArkAssembly.pm line 319.
Use of uninitialized value within @ctgLG in concatenation (.) or string at /vf/users/nhansen/vgp_pipeline/github/genomeark-update/scripts/GenomeArkAssembly.pm line 320.
Use of uninitialized value in concatenation (.) or string at /vf/users/nhansen/vgp_pipeline/github/genomeark-update/scripts/GenomeArkAssembly.pm line 320.
Use of uninitialized value within @scfLG in concatenation (.) or string at /vf/users/nhansen/vgp_pipeline/github/genomeark-update/scripts/GenomeArkAssembly.pm line 321.
Use of uninitialized value in concatenation (.) or string at /vf/users/nhansen/vgp_pipeline/github/genomeark-update/scripts/GenomeArkAssembly.pm line 321.
Use of uninitialized value within @ctgNG in concatenation (.) or string at /vf/users/nhansen/vgp_pipeline/github/genomeark-update/scripts/GenomeArkAssembly.pm line 319.
Use of uninitialized value within @ctgLG in concatenation (.) or string at /vf/users/nhansen/vgp_pipeline/github/genomeark-update/scripts/GenomeArkAssembly.pm line 320.
Use of uninitialized value in concatenation (.) or string at /vf/users/nhansen/vgp_pipeline/github/genomeark-update/scripts/GenomeArkAssembly.pm line 320.
Use of uninitialized value within @scfLG in concatenation (.) or string at /vf/users/nhansen/vgp_pipeline/github/genomeark-update/scripts/GenomeArkAssembly.pm line 321.
Use of uninitialized value in concatenation (.) or string at /vf/users/nhansen/vgp_pipeline/github/genomeark-update/scripts/GenomeArkAssembly.pm line 321.
Use of uninitialized value within @ctgNG in concatenation (.) or string at /vf/users/nhansen/vgp_pipeline/github/genomeark-update/scripts/GenomeArkAssembly.pm line 319.
Use of uninitialized value within @ctgLG in concatenation (.) or string at /vf/users/nhansen/vgp_pipeline/github/genomeark-update/scripts/GenomeArkAssembly.pm line 320.
Use of uninitialized value in concatenation (.) or string at /vf/users/nhansen/vgp_pipeline/github/genomeark-update/scripts/GenomeArkAssembly.pm line 320.
Use of uninitialized value within @scfLG in concatenation (.) or string at /vf/users/nhansen/vgp_pipeline/github/genomeark-update/scripts/GenomeArkAssembly.pm line 321.
Use of uninitialized value in concatenation (.) or string at /vf/users/nhansen/vgp_pipeline/github/genomeark-update/scripts/GenomeArkAssembly.pm line 321.
Use of uninitialized value within @ctgNG in concatenation (.) or string at /vf/users/nhansen/vgp_pipeline/github/genomeark-update/scripts/GenomeArkAssembly.pm line 319.
Use of uninitialized value within @ctgLG in concatenation (.) or string at /vf/users/nhansen/vgp_pipeline/github/genomeark-update/scripts/GenomeArkAssembly.pm line 320.
Use of uninitialized value in concatenation (.) or string at /vf/users/nhansen/vgp_pipeline/github/genomeark-update/scripts/GenomeArkAssembly.pm line 320.
Use of uninitialized value within @scfLG in concatenation (.) or string at /vf/users/nhansen/vgp_pipeline/github/genomeark-update/scripts/GenomeArkAssembly.pm line 321.
Use of uninitialized value in concatenation (.) or string at /vf/users/nhansen/vgp_pipeline/github/genomeark-update/scripts/GenomeArkAssembly.pm line 321.
Use of uninitialized value $ctgNG[10] in concatenation (.) or string at /vf/users/nhansen/vgp_pipeline/github/genomeark-update/scripts/GenomeArkAssembly.pm line 330.
Use of uninitialized value $ctgLG[10] in concatenation (.) or string at /vf/users/nhansen/vgp_pipeline/github/genomeark-update/scripts/GenomeArkAssembly.pm line 331.
Use of uninitialized value in concatenation (.) or string at /vf/users/nhansen/vgp_pipeline/github/genomeark-update/scripts/GenomeArkAssembly.pm line 331.
Use of uninitialized value $scfLG[10] in concatenation (.) or string at /vf/users/nhansen/vgp_pipeline/github/genomeark-update/scripts/GenomeArkAssembly.pm line 332.
Use of uninitialized value in concatenation (.) or string at /vf/users/nhansen/vgp_pipeline/github/genomeark-update/scripts/GenomeArkAssembly.pm line 332.
